2022-06-15 11:46:15 [com.xxl.job.core.thread.JobThread#run]-[133]-[xxl-job, JobThread-3-1655264775822] <br>----------- xxl-job job execute start -----------<br>----------- Param:
2022-06-15 11:46:15 [com.learn.tylorwu.xxljob.jobHandler.TestXxJob#demoJobHandler]-[29]-[xxl-job, JobThread-3-1655264775822] ----->>HeartJob, param:{}
2022-06-15 11:46:15 [com.xxl.job.core.thread.JobThread#run]-[179]-[xxl-job, JobThread-3-1655264775822] <br>----------- xxl-job job execute end(finish) -----------<br>----------- Result: handleCode=200, handleMsg = null
2022-06-15 11:46:15 [com.xxl.job.core.thread.TriggerCallbackThread#callbackLog]-[197]-[xxl-job, executor TriggerCallbackThread] <br>----------- xxl-job job callback fail, callbackResult:ReturnT [code=500, msg=The access token is wrong., content=null]
2022-06-15 11:46:29 [com.xxl.job.core.thread.TriggerCallbackThread#callbackLog]-[197]-[Thread-15] <br>----------- xxl-job job callback fail, callbackResult:ReturnT [code=500, msg=The access token is wrong., content=null]
2022-06-15 11:46:56 [com.xxl.job.core.thread.JobThread#run]-[194]-[xxl-job, JobThread-3-1655264775822] <br>----------- JobThread toStop, stopReason:web container destroy and kill the job.
2022-06-15 11:46:56 [com.xxl.job.core.thread.JobThread#run]-[204]-[xxl-job, JobThread-3-1655264775822] <br>----------- JobThread Exception:java.lang.InterruptedException
	at java.util.concurrent.locks.AbstractQueuedSynchronizer$ConditionObject.reportInterruptAfterWait(AbstractQueuedSynchronizer.java:2014)
	at java.util.concurrent.locks.AbstractQueuedSynchronizer$ConditionObject.awaitNanos(AbstractQueuedSynchronizer.java:2088)
	at java.util.concurrent.LinkedBlockingQueue.poll(LinkedBlockingQueue.java:467)
	at com.xxl.job.core.thread.JobThread.run(JobThread.java:114)
<br>----------- xxl-job job execute end(error) -----------
2022-06-15 11:47:01 [com.xxl.job.core.thread.TriggerCallbackThread#callbackLog]-[197]-[Thread-15] <br>----------- xxl-job job callback fail, callbackResult:ReturnT [code=500, msg=The access token is wrong., content=null]
2022-06-15 11:47:31 [com.xxl.job.core.thread.TriggerCallbackThread#callbackLog]-[197]-[Thread-15] <br>----------- xxl-job job callback fail, callbackResult:ReturnT [code=500, msg=The access token is wrong., content=null]
2022-06-15 11:48:01 [com.xxl.job.core.thread.TriggerCallbackThread#callbackLog]-[197]-[Thread-15] <br>----------- xxl-job job callback fail, callbackResult:ReturnT [code=500, msg=The access token is wrong., content=null]
2022-06-15 11:48:31 [com.xxl.job.core.thread.TriggerCallbackThread#callbackLog]-[197]-[Thread-15] <br>----------- xxl-job job callback fail, callbackResult:ReturnT [code=500, msg=The access token is wrong., content=null]
2022-06-15 11:49:01 [com.xxl.job.core.thread.TriggerCallbackThread#callbackLog]-[197]-[Thread-15] <br>----------- xxl-job job callback fail, callbackResult:ReturnT [code=500, msg=The access token is wrong., content=null]
2022-06-15 11:49:31 [com.xxl.job.core.thread.TriggerCallbackThread#callbackLog]-[197]-[Thread-15] <br>----------- xxl-job job callback fail, callbackResult:ReturnT [code=500, msg=The access token is wrong., content=null]
2022-06-15 11:50:01 [com.xxl.job.core.thread.TriggerCallbackThread#callbackLog]-[197]-[Thread-15] <br>----------- xxl-job job callback fail, callbackResult:ReturnT [code=500, msg=The access token is wrong., content=null]
2022-06-15 11:50:31 [com.xxl.job.core.thread.TriggerCallbackThread#callbackLog]-[197]-[Thread-15] <br>----------- xxl-job job callback fail, callbackResult:ReturnT [code=500, msg=The access token is wrong., content=null]
2022-06-15 11:51:01 [com.xxl.job.core.thread.TriggerCallbackThread#callbackLog]-[197]-[Thread-15] <br>----------- xxl-job job callback fail, callbackResult:ReturnT [code=500, msg=The access token is wrong., content=null]
2022-06-15 11:51:31 [com.xxl.job.core.thread.TriggerCallbackThread#callbackLog]-[197]-[Thread-15] <br>----------- xxl-job job callback fail, callbackResult:ReturnT [code=500, msg=The access token is wrong., content=null]
2022-06-15 11:52:01 [com.xxl.job.core.thread.TriggerCallbackThread#callbackLog]-[197]-[Thread-15] <br>----------- xxl-job job callback fail, callbackResult:ReturnT [code=500, msg=The access token is wrong., content=null]
2022-06-15 11:52:31 [com.xxl.job.core.thread.TriggerCallbackThread#callbackLog]-[197]-[Thread-15] <br>----------- xxl-job job callback fail, callbackResult:ReturnT [code=500, msg=The access token is wrong., content=null]
2022-06-15 11:53:01 [com.xxl.job.core.thread.TriggerCallbackThread#callbackLog]-[197]-[Thread-15] <br>----------- xxl-job job callback fail, callbackResult:ReturnT [code=500, msg=The access token is wrong., content=null]
2022-06-15 11:53:32 [com.xxl.job.core.thread.TriggerCallbackThread#callbackLog]-[197]-[Thread-15] <br>----------- xxl-job job callback fail, callbackResult:ReturnT [code=500, msg=The access token is wrong., content=null]
2022-06-15 11:54:02 [com.xxl.job.core.thread.TriggerCallbackThread#callbackLog]-[197]-[Thread-15] <br>----------- xxl-job job callback fail, callbackResult:ReturnT [code=500, msg=The access token is wrong., content=null]
2022-06-15 11:54:32 [com.xxl.job.core.thread.TriggerCallbackThread#callbackLog]-[197]-[Thread-15] <br>----------- xxl-job job callback fail, callbackResult:ReturnT [code=500, msg=The access token is wrong., content=null]
2022-06-15 11:55:02 [com.xxl.job.core.thread.TriggerCallbackThread#callbackLog]-[197]-[Thread-15] <br>----------- xxl-job job callback fail, callbackResult:ReturnT [code=500, msg=The access token is wrong., content=null]
2022-06-15 11:55:32 [com.xxl.job.core.thread.TriggerCallbackThread#callbackLog]-[197]-[Thread-15] <br>----------- xxl-job job callback fail, callbackResult:ReturnT [code=500, msg=The access token is wrong., content=null]
2022-06-15 11:55:41 [com.xxl.job.core.thread.TriggerCallbackThread#callbackLog]-[197]-[Thread-16] <br>----------- xxl-job job callback fail, callbackResult:ReturnT [code=500, msg=The access token is wrong., content=null]
2022-06-15 11:56:11 [com.xxl.job.core.thread.TriggerCallbackThread#callbackLog]-[197]-[Thread-16] <br>----------- xxl-job job callback fail, callbackResult:ReturnT [code=500, msg=The access token is wrong., content=null]
2022-06-15 11:56:33 [com.xxl.job.core.thread.TriggerCallbackThread#callbackLog]-[197]-[Thread-15] <br>----------- xxl-job job callback fail, callbackResult:ReturnT [code=500, msg=The access token is wrong., content=null]
2022-06-15 11:57:03 [com.xxl.job.core.thread.TriggerCallbackThread#callbackLog]-[197]-[Thread-15] <br>----------- xxl-job job callback fail, callbackResult:ReturnT [code=500, msg=The access token is wrong., content=null]
2022-06-15 11:57:17 [com.xxl.job.core.thread.TriggerCallbackThread#callbackLog]-[197]-[Thread-14] <br>----------- xxl-job job callback fail, callbackResult:ReturnT [code=500, msg=The access token is wrong., content=null]
2022-06-15 11:57:47 [com.xxl.job.core.thread.TriggerCallbackThread#callbackLog]-[197]-[Thread-14] <br>----------- xxl-job job callback fail, callbackResult:ReturnT [code=500, msg=The access token is wrong., content=null]
2022-06-15 11:58:17 [com.xxl.job.core.thread.TriggerCallbackThread#callbackLog]-[197]-[Thread-14] <br>----------- xxl-job job callback fail, callbackResult:ReturnT [code=500, msg=The access token is wrong., content=null]
2022-06-15 11:58:47 [com.xxl.job.core.thread.TriggerCallbackThread#callbackLog]-[197]-[Thread-14] <br>----------- xxl-job job callback fail, callbackResult:ReturnT [code=500, msg=The access token is wrong., content=null]
2022-06-15 11:59:17 [com.xxl.job.core.thread.TriggerCallbackThread#callbackLog]-[197]-[Thread-14] <br>----------- xxl-job job callback fail, callbackResult:ReturnT [code=500, msg=The access token is wrong., content=null]
2022-06-15 11:59:47 [com.xxl.job.core.thread.TriggerCallbackThread#callbackLog]-[197]-[Thread-14] <br>----------- xxl-job job callback fail, callbackResult:ReturnT [code=500, msg=The access token is wrong., content=null]
2022-06-15 12:00:17 [com.xxl.job.core.thread.TriggerCallbackThread#callbackLog]-[197]-[Thread-14] <br>----------- xxl-job job callback fail, callbackResult:ReturnT [code=500, msg=The access token is wrong., content=null]
2022-06-15 12:00:47 [com.xxl.job.core.thread.TriggerCallbackThread#callbackLog]-[197]-[Thread-14] <br>----------- xxl-job job callback fail, callbackResult:ReturnT [code=500, msg=The access token is wrong., content=null]
2022-06-15 12:01:17 [com.xxl.job.core.thread.TriggerCallbackThread#callbackLog]-[197]-[Thread-14] <br>----------- xxl-job job callback fail, callbackResult:ReturnT [code=500, msg=The access token is wrong., content=null]
2022-06-15 12:01:47 [com.xxl.job.core.thread.TriggerCallbackThread#callbackLog]-[197]-[Thread-14] <br>----------- xxl-job job callback fail, callbackResult:ReturnT [code=500, msg=The access token is wrong., content=null]
2022-06-15 12:02:17 [com.xxl.job.core.thread.TriggerCallbackThread#callbackLog]-[197]-[Thread-14] <br>----------- xxl-job job callback fail, callbackResult:ReturnT [code=500, msg=The access token is wrong., content=null]
2022-06-15 12:02:47 [com.xxl.job.core.thread.TriggerCallbackThread#callbackLog]-[197]-[Thread-14] <br>----------- xxl-job job callback fail, callbackResult:ReturnT [code=500, msg=The access token is wrong., content=null]
2022-06-15 12:03:17 [com.xxl.job.core.thread.TriggerCallbackThread#callbackLog]-[197]-[Thread-14] <br>----------- xxl-job job callback fail, callbackResult:ReturnT [code=500, msg=The access token is wrong., content=null]
2022-06-15 12:03:47 [com.xxl.job.core.thread.TriggerCallbackThread#callbackLog]-[197]-[Thread-14] <br>----------- xxl-job job callback fail, callbackResult:ReturnT [code=500, msg=The access token is wrong., content=null]
2022-06-15 12:04:17 [com.xxl.job.core.thread.TriggerCallbackThread#callbackLog]-[197]-[Thread-14] <br>----------- xxl-job job callback fail, callbackResult:ReturnT [code=500, msg=The access token is wrong., content=null]
2022-06-15 12:04:47 [com.xxl.job.core.thread.TriggerCallbackThread#callbackLog]-[197]-[Thread-14] <br>----------- xxl-job job callback fail, callbackResult:ReturnT [code=500, msg=The access token is wrong., content=null]
2022-06-15 12:05:17 [com.xxl.job.core.thread.TriggerCallbackThread#callbackLog]-[197]-[Thread-14] <br>----------- xxl-job job callback fail, callbackResult:ReturnT [code=500, msg=The access token is wrong., content=null]
2022-06-15 12:05:47 [com.xxl.job.core.thread.TriggerCallbackThread#callbackLog]-[197]-[Thread-14] <br>----------- xxl-job job callback fail, callbackResult:ReturnT [code=500, msg=The access token is wrong., content=null]
2022-06-15 12:06:17 [com.xxl.job.core.thread.TriggerCallbackThread#callbackLog]-[197]-[Thread-14] <br>----------- xxl-job job callback fail, callbackResult:ReturnT [code=500, msg=The access token is wrong., content=null]
2022-06-15 12:06:47 [com.xxl.job.core.thread.TriggerCallbackThread#callbackLog]-[197]-[Thread-14] <br>----------- xxl-job job callback fail, callbackResult:ReturnT [code=500, msg=The access token is wrong., content=null]
2022-06-15 12:07:17 [com.xxl.job.core.thread.TriggerCallbackThread#callbackLog]-[197]-[Thread-14] <br>----------- xxl-job job callback fail, callbackResult:ReturnT [code=500, msg=The access token is wrong., content=null]
2022-06-15 12:07:47 [com.xxl.job.core.thread.TriggerCallbackThread#callbackLog]-[197]-[Thread-14] <br>----------- xxl-job job callback fail, callbackResult:ReturnT [code=500, msg=The access token is wrong., content=null]
2022-06-15 12:08:17 [com.xxl.job.core.thread.TriggerCallbackThread#callbackLog]-[197]-[Thread-14] <br>----------- xxl-job job callback fail, callbackResult:ReturnT [code=500, msg=The access token is wrong., content=null]
2022-06-15 12:08:47 [com.xxl.job.core.thread.TriggerCallbackThread#callbackLog]-[197]-[Thread-14] <br>----------- xxl-job job callback fail, callbackResult:ReturnT [code=500, msg=The access token is wrong., content=null]
2022-06-15 12:09:17 [com.xxl.job.core.thread.TriggerCallbackThread#callbackLog]-[197]-[Thread-14] <br>----------- xxl-job job callback fail, callbackResult:ReturnT [code=500, msg=The access token is wrong., content=null]
2022-06-15 12:09:47 [com.xxl.job.core.thread.TriggerCallbackThread#callbackLog]-[197]-[Thread-14] <br>----------- xxl-job job callback fail, callbackResult:ReturnT [code=500, msg=The access token is wrong., content=null]
2022-06-15 12:10:17 [com.xxl.job.core.thread.TriggerCallbackThread#callbackLog]-[197]-[Thread-14] <br>----------- xxl-job job callback fail, callbackResult:ReturnT [code=500, msg=The access token is wrong., content=null]
2022-06-15 12:10:47 [com.xxl.job.core.thread.TriggerCallbackThread#callbackLog]-[197]-[Thread-14] <br>----------- xxl-job job callback fail, callbackResult:ReturnT [code=500, msg=The access token is wrong., content=null]
2022-06-15 12:11:17 [com.xxl.job.core.thread.TriggerCallbackThread#callbackLog]-[197]-[Thread-14] <br>----------- xxl-job job callback fail, callbackResult:ReturnT [code=500, msg=The access token is wrong., content=null]
2022-06-15 12:11:47 [com.xxl.job.core.thread.TriggerCallbackThread#callbackLog]-[197]-[Thread-14] <br>----------- xxl-job job callback fail, callbackResult:ReturnT [code=500, msg=The access token is wrong., content=null]
2022-06-15 12:12:17 [com.xxl.job.core.thread.TriggerCallbackThread#callbackLog]-[197]-[Thread-14] <br>----------- xxl-job job callback fail, callbackResult:ReturnT [code=500, msg=The access token is wrong., content=null]
2022-06-15 12:12:47 [com.xxl.job.core.thread.TriggerCallbackThread#callbackLog]-[197]-[Thread-14] <br>----------- xxl-job job callback fail, callbackResult:ReturnT [code=500, msg=The access token is wrong., content=null]
2022-06-15 12:13:17 [com.xxl.job.core.thread.TriggerCallbackThread#callbackLog]-[197]-[Thread-14] <br>----------- xxl-job job callback fail, callbackResult:ReturnT [code=500, msg=The access token is wrong., content=null]
2022-06-15 12:13:47 [com.xxl.job.core.thread.TriggerCallbackThread#callbackLog]-[197]-[Thread-14] <br>----------- xxl-job job callback fail, callbackResult:ReturnT [code=500, msg=The access token is wrong., content=null]
2022-06-15 12:14:17 [com.xxl.job.core.thread.TriggerCallbackThread#callbackLog]-[197]-[Thread-14] <br>----------- xxl-job job callback fail, callbackResult:ReturnT [code=500, msg=The access token is wrong., content=null]
2022-06-15 12:14:47 [com.xxl.job.core.thread.TriggerCallbackThread#callbackLog]-[197]-[Thread-14] <br>----------- xxl-job job callback fail, callbackResult:ReturnT [code=500, msg=The access token is wrong., content=null]
2022-06-15 12:15:17 [com.xxl.job.core.thread.TriggerCallbackThread#callbackLog]-[197]-[Thread-14] <br>----------- xxl-job job callback fail, callbackResult:ReturnT [code=500, msg=The access token is wrong., content=null]
2022-06-15 12:15:48 [com.xxl.job.core.thread.TriggerCallbackThread#callbackLog]-[197]-[Thread-14] <br>----------- xxl-job job callback fail, callbackResult:ReturnT [code=500, msg=The access token is wrong., content=null]
2022-06-15 12:16:18 [com.xxl.job.core.thread.TriggerCallbackThread#callbackLog]-[197]-[Thread-14] <br>----------- xxl-job job callback fail, callbackResult:ReturnT [code=500, msg=The access token is wrong., content=null]
2022-06-15 12:16:48 [com.xxl.job.core.thread.TriggerCallbackThread#callbackLog]-[197]-[Thread-14] <br>----------- xxl-job job callback fail, callbackResult:ReturnT [code=500, msg=The access token is wrong., content=null]
2022-06-15 12:17:18 [com.xxl.job.core.thread.TriggerCallbackThread#callbackLog]-[197]-[Thread-14] <br>----------- xxl-job job callback fail, callbackResult:ReturnT [code=500, msg=The access token is wrong., content=null]
2022-06-15 12:17:48 [com.xxl.job.core.thread.TriggerCallbackThread#callbackLog]-[197]-[Thread-14] <br>----------- xxl-job job callback fail, callbackResult:ReturnT [code=500, msg=The access token is wrong., content=null]
2022-06-15 12:18:18 [com.xxl.job.core.thread.TriggerCallbackThread#callbackLog]-[197]-[Thread-14] <br>----------- xxl-job job callback fail, callbackResult:ReturnT [code=500, msg=The access token is wrong., content=null]
2022-06-15 12:18:48 [com.xxl.job.core.thread.TriggerCallbackThread#callbackLog]-[197]-[Thread-14] <br>----------- xxl-job job callback fail, callbackResult:ReturnT [code=500, msg=The access token is wrong., content=null]
2022-06-15 12:19:18 [com.xxl.job.core.thread.TriggerCallbackThread#callbackLog]-[197]-[Thread-14] <br>----------- xxl-job job callback fail, callbackResult:ReturnT [code=500, msg=The access token is wrong., content=null]
2022-06-15 12:19:48 [com.xxl.job.core.thread.TriggerCallbackThread#callbackLog]-[197]-[Thread-14] <br>----------- xxl-job job callback fail, callbackResult:ReturnT [code=500, msg=The access token is wrong., content=null]
2022-06-15 12:20:18 [com.xxl.job.core.thread.TriggerCallbackThread#callbackLog]-[197]-[Thread-14] <br>----------- xxl-job job callback fail, callbackResult:ReturnT [code=500, msg=The access token is wrong., content=null]
2022-06-15 12:20:48 [com.xxl.job.core.thread.TriggerCallbackThread#callbackLog]-[197]-[Thread-14] <br>----------- xxl-job job callback fail, callbackResult:ReturnT [code=500, msg=The access token is wrong., content=null]
2022-06-15 12:21:18 [com.xxl.job.core.thread.TriggerCallbackThread#callbackLog]-[197]-[Thread-14] <br>----------- xxl-job job callback fail, callbackResult:ReturnT [code=500, msg=The access token is wrong., content=null]
2022-06-15 12:21:48 [com.xxl.job.core.thread.TriggerCallbackThread#callbackLog]-[197]-[Thread-14] <br>----------- xxl-job job callback fail, callbackResult:ReturnT [code=500, msg=The access token is wrong., content=null]
2022-06-15 12:36:16 [com.xxl.job.core.thread.TriggerCallbackThread#callbackLog]-[197]-[Thread-14] <br>----------- xxl-job job callback fail, callbackResult:ReturnT [code=500, msg=The access token is wrong., content=null]
2022-06-15 12:36:46 [com.xxl.job.core.thread.TriggerCallbackThread#callbackLog]-[197]-[Thread-14] <br>----------- xxl-job job callback fail, callbackResult:ReturnT [code=500, msg=The access token is wrong., content=null]
2022-06-15 12:37:16 [com.xxl.job.core.thread.TriggerCallbackThread#callbackLog]-[197]-[Thread-14] <br>----------- xxl-job job callback fail, callbackResult:ReturnT [code=500, msg=The access token is wrong., content=null]
2022-06-15 12:37:46 [com.xxl.job.core.thread.TriggerCallbackThread#callbackLog]-[197]-[Thread-14] <br>----------- xxl-job job callback fail, callbackResult:ReturnT [code=500, msg=The access token is wrong., content=null]
2022-06-15 12:38:16 [com.xxl.job.core.thread.TriggerCallbackThread#callbackLog]-[197]-[Thread-14] <br>----------- xxl-job job callback fail, callbackResult:ReturnT [code=500, msg=The access token is wrong., content=null]
2022-06-15 12:38:46 [com.xxl.job.core.thread.TriggerCallbackThread#callbackLog]-[197]-[Thread-14] <br>----------- xxl-job job callback fail, callbackResult:ReturnT [code=500, msg=The access token is wrong., content=null]
2022-06-15 12:39:16 [com.xxl.job.core.thread.TriggerCallbackThread#callbackLog]-[197]-[Thread-14] <br>----------- xxl-job job callback fail, callbackResult:ReturnT [code=500, msg=The access token is wrong., content=null]
2022-06-15 12:39:46 [com.xxl.job.core.thread.TriggerCallbackThread#callbackLog]-[197]-[Thread-14] <br>----------- xxl-job job callback fail, callbackResult:ReturnT [code=500, msg=The access token is wrong., content=null]
2022-06-15 12:40:16 [com.xxl.job.core.thread.TriggerCallbackThread#callbackLog]-[197]-[Thread-14] <br>----------- xxl-job job callback fail, callbackResult:ReturnT [code=500, msg=The access token is wrong., content=null]
2022-06-15 12:40:46 [com.xxl.job.core.thread.TriggerCallbackThread#callbackLog]-[197]-[Thread-14] <br>----------- xxl-job job callback fail, callbackResult:ReturnT [code=500, msg=The access token is wrong., content=null]
2022-06-15 12:41:16 [com.xxl.job.core.thread.TriggerCallbackThread#callbackLog]-[197]-[Thread-14] <br>----------- xxl-job job callback fail, callbackResult:ReturnT [code=500, msg=The access token is wrong., content=null]
2022-06-15 12:41:46 [com.xxl.job.core.thread.TriggerCallbackThread#callbackLog]-[197]-[Thread-14] <br>----------- xxl-job job callback fail, callbackResult:ReturnT [code=500, msg=The access token is wrong., content=null]
2022-06-15 12:42:16 [com.xxl.job.core.thread.TriggerCallbackThread#callbackLog]-[197]-[Thread-14] <br>----------- xxl-job job callback fail, callbackResult:ReturnT [code=500, msg=The access token is wrong., content=null]
2022-06-15 12:42:46 [com.xxl.job.core.thread.TriggerCallbackThread#callbackLog]-[197]-[Thread-14] <br>----------- xxl-job job callback fail, callbackResult:ReturnT [code=500, msg=The access token is wrong., content=null]
2022-06-15 12:43:16 [com.xxl.job.core.thread.TriggerCallbackThread#callbackLog]-[197]-[Thread-14] <br>----------- xxl-job job callback fail, callbackResult:ReturnT [code=500, msg=The access token is wrong., content=null]
2022-06-15 12:43:46 [com.xxl.job.core.thread.TriggerCallbackThread#callbackLog]-[197]-[Thread-14] <br>----------- xxl-job job callback fail, callbackResult:ReturnT [code=500, msg=The access token is wrong., content=null]
2022-06-15 12:44:16 [com.xxl.job.core.thread.TriggerCallbackThread#callbackLog]-[197]-[Thread-14] <br>----------- xxl-job job callback fail, callbackResult:ReturnT [code=500, msg=The access token is wrong., content=null]
2022-06-15 12:44:46 [com.xxl.job.core.thread.TriggerCallbackThread#callbackLog]-[197]-[Thread-14] <br>----------- xxl-job job callback fail, callbackResult:ReturnT [code=500, msg=The access token is wrong., content=null]
2022-06-15 12:45:17 [com.xxl.job.core.thread.TriggerCallbackThread#callbackLog]-[197]-[Thread-14] <br>----------- xxl-job job callback fail, callbackResult:ReturnT [code=500, msg=The access token is wrong., content=null]
2022-06-15 12:45:47 [com.xxl.job.core.thread.TriggerCallbackThread#callbackLog]-[197]-[Thread-14] <br>----------- xxl-job job callback fail, callbackResult:ReturnT [code=500, msg=The access token is wrong., content=null]
2022-06-15 12:46:17 [com.xxl.job.core.thread.TriggerCallbackThread#callbackLog]-[197]-[Thread-14] <br>----------- xxl-job job callback fail, callbackResult:ReturnT [code=500, msg=The access token is wrong., content=null]
2022-06-15 12:46:47 [com.xxl.job.core.thread.TriggerCallbackThread#callbackLog]-[197]-[Thread-14] <br>----------- xxl-job job callback fail, callbackResult:ReturnT [code=500, msg=The access token is wrong., content=null]
2022-06-15 12:47:17 [com.xxl.job.core.thread.TriggerCallbackThread#callbackLog]-[197]-[Thread-14] <br>----------- xxl-job job callback fail, callbackResult:ReturnT [code=500, msg=The access token is wrong., content=null]
2022-06-15 12:47:47 [com.xxl.job.core.thread.TriggerCallbackThread#callbackLog]-[197]-[Thread-14] <br>----------- xxl-job job callback fail, callbackResult:ReturnT [code=500, msg=The access token is wrong., content=null]
2022-06-15 12:48:17 [com.xxl.job.core.thread.TriggerCallbackThread#callbackLog]-[197]-[Thread-14] <br>----------- xxl-job job callback fail, callbackResult:ReturnT [code=500, msg=The access token is wrong., content=null]
2022-06-15 12:48:47 [com.xxl.job.core.thread.TriggerCallbackThread#callbackLog]-[197]-[Thread-14] <br>----------- xxl-job job callback fail, callbackResult:ReturnT [code=500, msg=The access token is wrong., content=null]
2022-06-15 12:49:17 [com.xxl.job.core.thread.TriggerCallbackThread#callbackLog]-[197]-[Thread-14] <br>----------- xxl-job job callback fail, callbackResult:ReturnT [code=500, msg=The access token is wrong., content=null]
2022-06-15 12:49:47 [com.xxl.job.core.thread.TriggerCallbackThread#callbackLog]-[197]-[Thread-14] <br>----------- xxl-job job callback fail, callbackResult:ReturnT [code=500, msg=The access token is wrong., content=null]
2022-06-15 12:50:17 [com.xxl.job.core.thread.TriggerCallbackThread#callbackLog]-[197]-[Thread-14] <br>----------- xxl-job job callback fail, callbackResult:ReturnT [code=500, msg=The access token is wrong., content=null]
2022-06-15 12:50:47 [com.xxl.job.core.thread.TriggerCallbackThread#callbackLog]-[197]-[Thread-14] <br>----------- xxl-job job callback fail, callbackResult:ReturnT [code=500, msg=The access token is wrong., content=null]
2022-06-15 12:51:17 [com.xxl.job.core.thread.TriggerCallbackThread#callbackLog]-[197]-[Thread-14] <br>----------- xxl-job job callback fail, callbackResult:ReturnT [code=500, msg=The access token is wrong., content=null]
2022-06-15 12:51:47 [com.xxl.job.core.thread.TriggerCallbackThread#callbackLog]-[197]-[Thread-14] <br>----------- xxl-job job callback fail, callbackResult:ReturnT [code=500, msg=The access token is wrong., content=null]
2022-06-15 12:52:17 [com.xxl.job.core.thread.TriggerCallbackThread#callbackLog]-[197]-[Thread-14] <br>----------- xxl-job job callback fail, callbackResult:ReturnT [code=500, msg=The access token is wrong., content=null]
2022-06-15 12:52:47 [com.xxl.job.core.thread.TriggerCallbackThread#callbackLog]-[197]-[Thread-14] <br>----------- xxl-job job callback fail, callbackResult:ReturnT [code=500, msg=The access token is wrong., content=null]
2022-06-15 12:53:17 [com.xxl.job.core.thread.TriggerCallbackThread#callbackLog]-[197]-[Thread-14] <br>----------- xxl-job job callback fail, callbackResult:ReturnT [code=500, msg=The access token is wrong., content=null]
2022-06-15 12:53:47 [com.xxl.job.core.thread.TriggerCallbackThread#callbackLog]-[197]-[Thread-14] <br>----------- xxl-job job callback fail, callbackResult:ReturnT [code=500, msg=The access token is wrong., content=null]
2022-06-15 12:54:17 [com.xxl.job.core.thread.TriggerCallbackThread#callbackLog]-[197]-[Thread-14] <br>----------- xxl-job job callback fail, callbackResult:ReturnT [code=500, msg=The access token is wrong., content=null]
2022-06-15 12:54:47 [com.xxl.job.core.thread.TriggerCallbackThread#callbackLog]-[197]-[Thread-14] <br>----------- xxl-job job callback fail, callbackResult:ReturnT [code=500, msg=The access token is wrong., content=null]
2022-06-15 12:55:17 [com.xxl.job.core.thread.TriggerCallbackThread#callbackLog]-[197]-[Thread-14] <br>----------- xxl-job job callback fail, callbackResult:ReturnT [code=500, msg=The access token is wrong., content=null]
2022-06-15 12:55:47 [com.xxl.job.core.thread.TriggerCallbackThread#callbackLog]-[197]-[Thread-14] <br>----------- xxl-job job callback fail, callbackResult:ReturnT [code=500, msg=The access token is wrong., content=null]
2022-06-15 12:56:17 [com.xxl.job.core.thread.TriggerCallbackThread#callbackLog]-[197]-[Thread-14] <br>----------- xxl-job job callback fail, callbackResult:ReturnT [code=500, msg=The access token is wrong., content=null]
2022-06-15 12:56:47 [com.xxl.job.core.thread.TriggerCallbackThread#callbackLog]-[197]-[Thread-14] <br>----------- xxl-job job callback fail, callbackResult:ReturnT [code=500, msg=The access token is wrong., content=null]
2022-06-15 12:57:17 [com.xxl.job.core.thread.TriggerCallbackThread#callbackLog]-[197]-[Thread-14] <br>----------- xxl-job job callback fail, callbackResult:ReturnT [code=500, msg=The access token is wrong., content=null]
2022-06-15 12:57:47 [com.xxl.job.core.thread.TriggerCallbackThread#callbackLog]-[197]-[Thread-14] <br>----------- xxl-job job callback fail, callbackResult:ReturnT [code=500, msg=The access token is wrong., content=null]
2022-06-15 12:58:17 [com.xxl.job.core.thread.TriggerCallbackThread#callbackLog]-[197]-[Thread-14] <br>----------- xxl-job job callback fail, callbackResult:ReturnT [code=500, msg=The access token is wrong., content=null]
2022-06-15 12:58:47 [com.xxl.job.core.thread.TriggerCallbackThread#callbackLog]-[197]-[Thread-14] <br>----------- xxl-job job callback fail, callbackResult:ReturnT [code=500, msg=The access token is wrong., content=null]
2022-06-15 12:59:17 [com.xxl.job.core.thread.TriggerCallbackThread#callbackLog]-[197]-[Thread-14] <br>----------- xxl-job job callback fail, callbackResult:ReturnT [code=500, msg=The access token is wrong., content=null]
2022-06-15 12:59:47 [com.xxl.job.core.thread.TriggerCallbackThread#callbackLog]-[197]-[Thread-14] <br>----------- xxl-job job callback fail, callbackResult:ReturnT [code=500, msg=The access token is wrong., content=null]
2022-06-15 13:00:17 [com.xxl.job.core.thread.TriggerCallbackThread#callbackLog]-[197]-[Thread-14] <br>----------- xxl-job job callback fail, callbackResult:ReturnT [code=500, msg=The access token is wrong., content=null]
2022-06-15 13:00:47 [com.xxl.job.core.thread.TriggerCallbackThread#callbackLog]-[197]-[Thread-14] <br>----------- xxl-job job callback fail, callbackResult:ReturnT [code=500, msg=The access token is wrong., content=null]
2022-06-15 13:01:17 [com.xxl.job.core.thread.TriggerCallbackThread#callbackLog]-[197]-[Thread-14] <br>----------- xxl-job job callback fail, callbackResult:ReturnT [code=500, msg=The access token is wrong., content=null]
2022-06-15 13:01:47 [com.xxl.job.core.thread.TriggerCallbackThread#callbackLog]-[197]-[Thread-14] <br>----------- xxl-job job callback fail, callbackResult:ReturnT [code=500, msg=The access token is wrong., content=null]
2022-06-15 13:02:17 [com.xxl.job.core.thread.TriggerCallbackThread#callbackLog]-[197]-[Thread-14] <br>----------- xxl-job job callback fail, callbackResult:ReturnT [code=500, msg=The access token is wrong., content=null]
2022-06-15 13:02:47 [com.xxl.job.core.thread.TriggerCallbackThread#callbackLog]-[197]-[Thread-14] <br>----------- xxl-job job callback fail, callbackResult:ReturnT [code=500, msg=The access token is wrong., content=null]
2022-06-15 13:03:17 [com.xxl.job.core.thread.TriggerCallbackThread#callbackLog]-[197]-[Thread-14] <br>----------- xxl-job job callback fail, callbackResult:ReturnT [code=500, msg=The access token is wrong., content=null]
2022-06-15 13:03:47 [com.xxl.job.core.thread.TriggerCallbackThread#callbackLog]-[197]-[Thread-14] <br>----------- xxl-job job callback fail, callbackResult:ReturnT [code=500, msg=The access token is wrong., content=null]
2022-06-15 13:04:17 [com.xxl.job.core.thread.TriggerCallbackThread#callbackLog]-[197]-[Thread-14] <br>----------- xxl-job job callback fail, callbackResult:ReturnT [code=500, msg=The access token is wrong., content=null]
2022-06-15 13:04:47 [com.xxl.job.core.thread.TriggerCallbackThread#callbackLog]-[197]-[Thread-14] <br>----------- xxl-job job callback fail, callbackResult:ReturnT [code=500, msg=The access token is wrong., content=null]
2022-06-15 13:05:17 [com.xxl.job.core.thread.TriggerCallbackThread#callbackLog]-[197]-[Thread-14] <br>----------- xxl-job job callback fail, callbackResult:ReturnT [code=500, msg=The access token is wrong., content=null]
2022-06-15 13:05:47 [com.xxl.job.core.thread.TriggerCallbackThread#callbackLog]-[197]-[Thread-14] <br>----------- xxl-job job callback fail, callbackResult:ReturnT [code=500, msg=The access token is wrong., content=null]
2022-06-15 13:06:17 [com.xxl.job.core.thread.TriggerCallbackThread#callbackLog]-[197]-[Thread-14] <br>----------- xxl-job job callback fail, callbackResult:ReturnT [code=500, msg=The access token is wrong., content=null]
2022-06-15 13:06:47 [com.xxl.job.core.thread.TriggerCallbackThread#callbackLog]-[197]-[Thread-14] <br>----------- xxl-job job callback fail, callbackResult:ReturnT [code=500, msg=The access token is wrong., content=null]
2022-06-15 13:07:17 [com.xxl.job.core.thread.TriggerCallbackThread#callbackLog]-[197]-[Thread-14] <br>----------- xxl-job job callback fail, callbackResult:ReturnT [code=500, msg=The access token is wrong., content=null]
2022-06-15 13:07:47 [com.xxl.job.core.thread.TriggerCallbackThread#callbackLog]-[197]-[Thread-14] <br>----------- xxl-job job callback fail, callbackResult:ReturnT [code=500, msg=The access token is wrong., content=null]
2022-06-15 13:08:17 [com.xxl.job.core.thread.TriggerCallbackThread#callbackLog]-[197]-[Thread-14] <br>----------- xxl-job job callback fail, callbackResult:ReturnT [code=500, msg=The access token is wrong., content=null]
2022-06-15 13:08:48 [com.xxl.job.core.thread.TriggerCallbackThread#callbackLog]-[197]-[Thread-14] <br>----------- xxl-job job callback fail, callbackResult:ReturnT [code=500, msg=The access token is wrong., content=null]
2022-06-15 13:09:18 [com.xxl.job.core.thread.TriggerCallbackThread#callbackLog]-[197]-[Thread-14] <br>----------- xxl-job job callback fail, callbackResult:ReturnT [code=500, msg=The access token is wrong., content=null]
2022-06-15 13:09:48 [com.xxl.job.core.thread.TriggerCallbackThread#callbackLog]-[197]-[Thread-14] <br>----------- xxl-job job callback fail, callbackResult:ReturnT [code=500, msg=The access token is wrong., content=null]
2022-06-15 13:10:18 [com.xxl.job.core.thread.TriggerCallbackThread#callbackLog]-[197]-[Thread-14] <br>----------- xxl-job job callback fail, callbackResult:ReturnT [code=500, msg=The access token is wrong., content=null]
2022-06-15 13:10:48 [com.xxl.job.core.thread.TriggerCallbackThread#callbackLog]-[197]-[Thread-14] <br>----------- xxl-job job callback fail, callbackResult:ReturnT [code=500, msg=The access token is wrong., content=null]
2022-06-15 13:11:18 [com.xxl.job.core.thread.TriggerCallbackThread#callbackLog]-[197]-[Thread-14] <br>----------- xxl-job job callback fail, callbackResult:ReturnT [code=500, msg=The access token is wrong., content=null]
2022-06-15 13:11:48 [com.xxl.job.core.thread.TriggerCallbackThread#callbackLog]-[197]-[Thread-14] <br>----------- xxl-job job callback fail, callbackResult:ReturnT [code=500, msg=The access token is wrong., content=null]
2022-06-15 13:12:18 [com.xxl.job.core.thread.TriggerCallbackThread#callbackLog]-[197]-[Thread-14] <br>----------- xxl-job job callback fail, callbackResult:ReturnT [code=500, msg=The access token is wrong., content=null]
2022-06-15 13:12:48 [com.xxl.job.core.thread.TriggerCallbackThread#callbackLog]-[197]-[Thread-14] <br>----------- xxl-job job callback fail, callbackResult:ReturnT [code=500, msg=The access token is wrong., content=null]
2022-06-15 13:13:18 [com.xxl.job.core.thread.TriggerCallbackThread#callbackLog]-[197]-[Thread-14] <br>----------- xxl-job job callback fail, callbackResult:ReturnT [code=500, msg=The access token is wrong., content=null]
2022-06-15 13:13:48 [com.xxl.job.core.thread.TriggerCallbackThread#callbackLog]-[197]-[Thread-14] <br>----------- xxl-job job callback fail, callbackResult:ReturnT [code=500, msg=The access token is wrong., content=null]
2022-06-15 13:14:18 [com.xxl.job.core.thread.TriggerCallbackThread#callbackLog]-[197]-[Thread-14] <br>----------- xxl-job job callback fail, callbackResult:ReturnT [code=500, msg=The access token is wrong., content=null]
2022-06-15 13:14:48 [com.xxl.job.core.thread.TriggerCallbackThread#callbackLog]-[197]-[Thread-14] <br>----------- xxl-job job callback fail, callbackResult:ReturnT [code=500, msg=The access token is wrong., content=null]
2022-06-15 13:15:18 [com.xxl.job.core.thread.TriggerCallbackThread#callbackLog]-[197]-[Thread-14] <br>----------- xxl-job job callback fail, callbackResult:ReturnT [code=500, msg=The access token is wrong., content=null]
2022-06-15 13:15:48 [com.xxl.job.core.thread.TriggerCallbackThread#callbackLog]-[197]-[Thread-14] <br>----------- xxl-job job callback fail, callbackResult:ReturnT [code=500, msg=The access token is wrong., content=null]
2022-06-15 13:16:18 [com.xxl.job.core.thread.TriggerCallbackThread#callbackLog]-[197]-[Thread-14] <br>----------- xxl-job job callback fail, callbackResult:ReturnT [code=500, msg=The access token is wrong., content=null]
2022-06-15 13:16:48 [com.xxl.job.core.thread.TriggerCallbackThread#callbackLog]-[197]-[Thread-14] <br>----------- xxl-job job callback fail, callbackResult:ReturnT [code=500, msg=The access token is wrong., content=null]
2022-06-15 13:17:18 [com.xxl.job.core.thread.TriggerCallbackThread#callbackLog]-[197]-[Thread-14] <br>----------- xxl-job job callback fail, callbackResult:ReturnT [code=500, msg=The access token is wrong., content=null]
2022-06-15 13:17:48 [com.xxl.job.core.thread.TriggerCallbackThread#callbackLog]-[197]-[Thread-14] <br>----------- xxl-job job callback fail, callbackResult:ReturnT [code=500, msg=The access token is wrong., content=null]
2022-06-15 13:18:18 [com.xxl.job.core.thread.TriggerCallbackThread#callbackLog]-[197]-[Thread-14] <br>----------- xxl-job job callback fail, callbackResult:ReturnT [code=500, msg=The access token is wrong., content=null]
2022-06-15 13:18:48 [com.xxl.job.core.thread.TriggerCallbackThread#callbackLog]-[197]-[Thread-14] <br>----------- xxl-job job callback fail, callbackResult:ReturnT [code=500, msg=The access token is wrong., content=null]
2022-06-15 13:19:18 [com.xxl.job.core.thread.TriggerCallbackThread#callbackLog]-[197]-[Thread-14] <br>----------- xxl-job job callback fail, callbackResult:ReturnT [code=500, msg=The access token is wrong., content=null]
2022-06-15 13:19:48 [com.xxl.job.core.thread.TriggerCallbackThread#callbackLog]-[197]-[Thread-14] <br>----------- xxl-job job callback fail, callbackResult:ReturnT [code=500, msg=The access token is wrong., content=null]
2022-06-15 13:20:18 [com.xxl.job.core.thread.TriggerCallbackThread#callbackLog]-[197]-[Thread-14] <br>----------- xxl-job job callback fail, callbackResult:ReturnT [code=500, msg=The access token is wrong., content=null]
2022-06-15 13:20:48 [com.xxl.job.core.thread.TriggerCallbackThread#callbackLog]-[197]-[Thread-14] <br>----------- xxl-job job callback fail, callbackResult:ReturnT [code=500, msg=The access token is wrong., content=null]
2022-06-15 13:21:18 [com.xxl.job.core.thread.TriggerCallbackThread#callbackLog]-[197]-[Thread-14] <br>----------- xxl-job job callback fail, callbackResult:ReturnT [code=500, msg=The access token is wrong., content=null]
2022-06-15 13:21:48 [com.xxl.job.core.thread.TriggerCallbackThread#callbackLog]-[197]-[Thread-14] <br>----------- xxl-job job callback fail, callbackResult:ReturnT [code=500, msg=The access token is wrong., content=null]
2022-06-15 13:22:18 [com.xxl.job.core.thread.TriggerCallbackThread#callbackLog]-[197]-[Thread-14] <br>----------- xxl-job job callback fail, callbackResult:ReturnT [code=500, msg=The access token is wrong., content=null]
2022-06-15 13:22:48 [com.xxl.job.core.thread.TriggerCallbackThread#callbackLog]-[197]-[Thread-14] <br>----------- xxl-job job callback fail, callbackResult:ReturnT [code=500, msg=The access token is wrong., content=null]
2022-06-15 13:23:18 [com.xxl.job.core.thread.TriggerCallbackThread#callbackLog]-[197]-[Thread-14] <br>----------- xxl-job job callback fail, callbackResult:ReturnT [code=500, msg=The access token is wrong., content=null]
2022-06-15 13:23:48 [com.xxl.job.core.thread.TriggerCallbackThread#callbackLog]-[197]-[Thread-14] <br>----------- xxl-job job callback fail, callbackResult:ReturnT [code=500, msg=The access token is wrong., content=null]
2022-06-15 13:24:18 [com.xxl.job.core.thread.TriggerCallbackThread#callbackLog]-[197]-[Thread-14] <br>----------- xxl-job job callback fail, callbackResult:ReturnT [code=500, msg=The access token is wrong., content=null]
2022-06-15 13:24:48 [com.xxl.job.core.thread.TriggerCallbackThread#callbackLog]-[197]-[Thread-14] <br>----------- xxl-job job callback fail, callbackResult:ReturnT [code=500, msg=The access token is wrong., content=null]
2022-06-15 13:25:18 [com.xxl.job.core.thread.TriggerCallbackThread#callbackLog]-[197]-[Thread-14] <br>----------- xxl-job job callback fail, callbackResult:ReturnT [code=500, msg=The access token is wrong., content=null]
2022-06-15 13:25:48 [com.xxl.job.core.thread.TriggerCallbackThread#callbackLog]-[197]-[Thread-14] <br>----------- xxl-job job callback fail, callbackResult:ReturnT [code=500, msg=The access token is wrong., content=null]
2022-06-15 13:26:18 [com.xxl.job.core.thread.TriggerCallbackThread#callbackLog]-[197]-[Thread-14] <br>----------- xxl-job job callback fail, callbackResult:ReturnT [code=500, msg=The access token is wrong., content=null]
2022-06-15 13:56:45 [com.xxl.job.core.thread.TriggerCallbackThread#callbackLog]-[197]-[Thread-14] <br>----------- xxl-job job callback fail, callbackResult:ReturnT [code=500, msg=The access token is wrong., content=null]
2022-06-15 13:57:15 [com.xxl.job.core.thread.TriggerCallbackThread#callbackLog]-[197]-[Thread-14] <br>----------- xxl-job job callback fail, callbackResult:ReturnT [code=500, msg=The access token is wrong., content=null]
2022-06-15 14:00:22 [com.xxl.job.core.thread.TriggerCallbackThread#callbackLog]-[197]-[Thread-14] <br>----------- xxl-job job callback fail, callbackResult:ReturnT [code=500, msg=The access token is wrong., content=null]
2022-06-15 14:00:52 [com.xxl.job.core.thread.TriggerCallbackThread#callbackLog]-[197]-[Thread-14] <br>----------- xxl-job job callback fail, callbackResult:ReturnT [code=500, msg=The access token is wrong., content=null]
2022-06-15 14:01:22 [com.xxl.job.core.thread.TriggerCallbackThread#callbackLog]-[197]-[Thread-14] <br>----------- xxl-job job callback fail, callbackResult:ReturnT [code=500, msg=The access token is wrong., content=null]
2022-06-15 14:01:52 [com.xxl.job.core.thread.TriggerCallbackThread#callbackLog]-[197]-[Thread-14] <br>----------- xxl-job job callback fail, callbackResult:ReturnT [code=500, msg=The access token is wrong., content=null]
2022-06-15 14:02:22 [com.xxl.job.core.thread.TriggerCallbackThread#callbackLog]-[197]-[Thread-14] <br>----------- xxl-job job callback fail, callbackResult:ReturnT [code=500, msg=The access token is wrong., content=null]
2022-06-15 14:02:52 [com.xxl.job.core.thread.TriggerCallbackThread#callbackLog]-[197]-[Thread-14] <br>----------- xxl-job job callback fail, callbackResult:ReturnT [code=500, msg=The access token is wrong., content=null]
2022-06-15 14:03:22 [com.xxl.job.core.thread.TriggerCallbackThread#callbackLog]-[197]-[Thread-14] <br>----------- xxl-job job callback fail, callbackResult:ReturnT [code=500, msg=The access token is wrong., content=null]
2022-06-15 14:03:52 [com.xxl.job.core.thread.TriggerCallbackThread#callbackLog]-[197]-[Thread-14] <br>----------- xxl-job job callback fail, callbackResult:ReturnT [code=500, msg=The access token is wrong., content=null]
2022-06-15 14:04:22 [com.xxl.job.core.thread.TriggerCallbackThread#callbackLog]-[197]-[Thread-14] <br>----------- xxl-job job callback fail, callbackResult:ReturnT [code=500, msg=The access token is wrong., content=null]
2022-06-15 14:04:40 [com.xxl.job.core.thread.TriggerCallbackThread#callbackLog]-[197]-[Thread-15] <br>----------- xxl-job job callback fail, callbackResult:ReturnT [code=500, msg=The access token is wrong., content=null]
2022-06-15 14:05:10 [com.xxl.job.core.thread.TriggerCallbackThread#callbackLog]-[197]-[Thread-15] <br>----------- xxl-job job callback fail, callbackResult:ReturnT [code=500, msg=The access token is wrong., content=null]
2022-06-15 14:05:40 [com.xxl.job.core.thread.TriggerCallbackThread#callbackLog]-[197]-[Thread-15] <br>----------- xxl-job job callback fail, callbackResult:ReturnT [code=500, msg=The access token is wrong., content=null]
2022-06-15 14:06:10 [com.xxl.job.core.thread.TriggerCallbackThread#callbackLog]-[197]-[Thread-15] <br>----------- xxl-job job callback fail, callbackResult:ReturnT [code=500, msg=The access token is wrong., content=null]
2022-06-15 14:06:40 [com.xxl.job.core.thread.TriggerCallbackThread#callbackLog]-[197]-[Thread-15] <br>----------- xxl-job job callback fail, callbackResult:ReturnT [code=500, msg=The access token is wrong., content=null]
2022-06-15 14:07:10 [com.xxl.job.core.thread.TriggerCallbackThread#callbackLog]-[197]-[Thread-15] <br>----------- xxl-job job callback fail, callbackResult:ReturnT [code=500, msg=The access token is wrong., content=null]
2022-06-15 14:07:40 [com.xxl.job.core.thread.TriggerCallbackThread#callbackLog]-[197]-[Thread-15] <br>----------- xxl-job job callback fail, callbackResult:ReturnT [code=500, msg=The access token is wrong., content=null]
2022-06-15 14:08:10 [com.xxl.job.core.thread.TriggerCallbackThread#callbackLog]-[197]-[Thread-15] <br>----------- xxl-job job callback fail, callbackResult:ReturnT [code=500, msg=The access token is wrong., content=null]
2022-06-15 14:08:40 [com.xxl.job.core.thread.TriggerCallbackThread#callbackLog]-[197]-[Thread-15] <br>----------- xxl-job job callback fail, callbackResult:ReturnT [code=500, msg=The access token is wrong., content=null]
2022-06-15 14:09:10 [com.xxl.job.core.thread.TriggerCallbackThread#callbackLog]-[197]-[Thread-15] <br>----------- xxl-job job callback fail, callbackResult:ReturnT [code=500, msg=The access token is wrong., content=null]
2022-06-15 14:09:40 [com.xxl.job.core.thread.TriggerCallbackThread#callbackLog]-[197]-[Thread-15] <br>----------- xxl-job job callback fail, callbackResult:ReturnT [code=500, msg=The access token is wrong., content=null]
2022-06-15 14:10:10 [com.xxl.job.core.thread.TriggerCallbackThread#callbackLog]-[197]-[Thread-15] <br>----------- xxl-job job callback fail, callbackResult:ReturnT [code=500, msg=The access token is wrong., content=null]
2022-06-15 14:10:40 [com.xxl.job.core.thread.TriggerCallbackThread#callbackLog]-[197]-[Thread-15] <br>----------- xxl-job job callback fail, callbackResult:ReturnT [code=500, msg=The access token is wrong., content=null]
2022-06-15 14:11:10 [com.xxl.job.core.thread.TriggerCallbackThread#callbackLog]-[197]-[Thread-15] <br>----------- xxl-job job callback fail, callbackResult:ReturnT [code=500, msg=The access token is wrong., content=null]
2022-06-15 14:11:40 [com.xxl.job.core.thread.TriggerCallbackThread#callbackLog]-[197]-[Thread-15] <br>----------- xxl-job job callback fail, callbackResult:ReturnT [code=500, msg=xxl-job remoting fail, StatusCode(502) invalid. for url : http://10.11.66.98:8080/xxl-job-admin/api/callback, content=null]
2022-06-15 14:12:13 [com.xxl.job.core.thread.TriggerCallbackThread#callbackLog]-[197]-[Thread-15] <br>----------- xxl-job job callback fail, callbackResult:ReturnT [code=500, msg=xxl-job remoting error(Read timed out), for url : http://10.11.66.98:8080/xxl-job-admin/api/callback, content=null]
2022-06-15 14:12:55 [com.xxl.job.core.thread.TriggerCallbackThread#callbackLog]-[197]-[Thread-15] <br>----------- xxl-job job callback fail, callbackResult:ReturnT [code=500, msg=xxl-job remoting error(Read timed out), for url : http://10.11.66.98:8080/xxl-job-admin/api/callback, content=null]
2022-06-15 14:13:34 [com.xxl.job.core.thread.TriggerCallbackThread#callbackLog]-[197]-[Thread-15] <br>----------- xxl-job job callback fail, callbackResult:ReturnT [code=500, msg=xxl-job remoting error(Read timed out), for url : http://10.11.66.98:8080/xxl-job-admin/api/callback, content=null]
2022-06-15 14:14:10 [com.xxl.job.core.thread.TriggerCallbackThread#callbackLog]-[197]-[Thread-15] <br>----------- xxl-job job callback fail, callbackResult:ReturnT [code=500, msg=xxl-job remoting error(Read timed out), for url : http://10.11.66.98:8080/xxl-job-admin/api/callback, content=null]
2022-06-15 14:14:52 [com.xxl.job.core.thread.TriggerCallbackThread#callbackLog]-[197]-[Thread-15] <br>----------- xxl-job job callback fail, callbackResult:ReturnT [code=500, msg=xxl-job remoting error(Read timed out), for url : http://10.11.66.98:8080/xxl-job-admin/api/callback, content=null]
2022-06-15 14:15:28 [com.xxl.job.core.thread.TriggerCallbackThread#callbackLog]-[197]-[Thread-15] <br>----------- xxl-job job callback fail, callbackResult:ReturnT [code=500, msg=xxl-job remoting error(Read timed out), for url : http://10.11.66.98:8080/xxl-job-admin/api/callback, content=null]
2022-06-15 14:16:15 [com.xxl.job.core.thread.TriggerCallbackThread#callbackLog]-[197]-[Thread-17] <br>----------- xxl-job job callback fail, callbackResult:ReturnT [code=500, msg=The access token is wrong., content=null]
2022-06-15 14:16:41 [com.xxl.job.core.thread.TriggerCallbackThread#callbackLog]-[197]-[Thread-17] <br>----------- xxl-job job callback fail, callbackResult:ReturnT [code=500, msg=The access token is wrong., content=null]
2022-06-15 14:17:14 [com.xxl.job.core.thread.TriggerCallbackThread#callbackLog]-[197]-[Thread-17] <br>----------- xxl-job job callback fail, callbackResult:ReturnT [code=500, msg=xxl-job remoting error(Read timed out), for url : http://10.11.66.98:8080/xxl-job-admin/api/callback, content=null]
2022-06-15 14:17:53 [com.xxl.job.core.thread.TriggerCallbackThread#callbackLog]-[197]-[Thread-17] <br>----------- xxl-job job callback fail, callbackResult:ReturnT [code=500, msg=xxl-job remoting error(Read timed out), for url : http://10.11.66.98:8080/xxl-job-admin/api/callback, content=null]
2022-06-15 14:18:35 [com.xxl.job.core.thread.TriggerCallbackThread#callbackLog]-[197]-[Thread-17] <br>----------- xxl-job job callback fail, callbackResult:ReturnT [code=500, msg=xxl-job remoting error(Read timed out), for url : http://10.11.66.98:8080/xxl-job-admin/api/callback, content=null]
2022-06-15 14:19:14 [com.xxl.job.core.thread.TriggerCallbackThread#callbackLog]-[197]-[Thread-15] <br>----------- xxl-job job callback fail, callbackResult:ReturnT [code=500, msg=The access token is wrong., content=null]
2022-06-15 14:19:50 [com.xxl.job.core.thread.TriggerCallbackThread#callbackLog]-[197]-[Thread-15] <br>----------- xxl-job job callback fail, callbackResult:ReturnT [code=500, msg=xxl-job remoting error(Read timed out), for url : http://10.11.66.98:8080/xxl-job-admin/api/callback, content=null]
2022-06-15 14:20:23 [com.xxl.job.core.thread.TriggerCallbackThread#callbackLog]-[197]-[Thread-15] <br>----------- xxl-job job callback fail, callbackResult:ReturnT [code=500, msg=The access token is wrong., content=null]
2022-06-15 14:20:53 [com.xxl.job.core.thread.TriggerCallbackThread#callbackLog]-[197]-[Thread-15] <br>----------- xxl-job job callback fail, callbackResult:ReturnT [code=500, msg=xxl-job remoting fail, StatusCode(502) invalid. for url : http://10.11.66.98:8080/xxl-job-admin/api/callback, content=null]
2022-06-15 14:21:21 [com.xxl.job.core.thread.TriggerCallbackThread#callbackLog]-[197]-[Thread-16] <br>----------- xxl-job job callback finish.
